2024-05-27 00:46:27,223 - store.logging - INFO - Accessed URL: http://localhost:8000/process-data
2024-05-27 00:46:27,224 - store.logging - INFO - Request Headers: Content-Type: application/json
User-Agent: PostmanRuntime/7.39.0
Accept: */*
Cache-Control: no-cache
Postman-Token: db9e6a3e-caf7-4c47-91a6-2a297b40c279
Host: localhost:8000
Accept-Encoding: gzip, deflate, br
Connection: keep-alive
Content-Length: 99


2024-05-27 00:46:27,224 - store.logging - INFO - Request Body: b'{\n    \n    "prompt": "Get the 8th highest salaried person name along with the department"\n    \n\t\t\n}'
2024-05-27 00:46:38,785 - store.logging - INFO - Response Headers: Content-Type: application/json
Content-Length: 78


2024-05-27 00:46:38,785 - store.logging - INFO - Response Body: b'{\n  "response": "Stephen Marquez from IT department",\n  "status": "success"\n}\n'...
2024-05-27 00:47:04,893 - store.logging - INFO - Accessed URL: http://localhost:8000/process-data
2024-05-27 00:47:04,893 - store.logging - INFO - Request Headers: Content-Type: application/json
User-Agent: PostmanRuntime/7.39.0
Accept: */*
Cache-Control: no-cache
Postman-Token: 1a4ec592-c4e8-44b9-ba1e-6fd5410573be
Host: localhost:8000
Accept-Encoding: gzip, deflate, br
Connection: keep-alive
Content-Length: 107


2024-05-27 00:47:04,893 - store.logging - INFO - Request Body: b'{\n    "prompt": "Give me employee names whose experience in the company is less than 1 year"\n    \n    \n\t\t\n}'
2024-05-27 00:47:18,092 - store.logging - ERROR - Error in generated code: Can only use .dt accessor with datetimelike values
2024-05-27 00:47:18,092 - store.logging - INFO - Response Headers: Content-Type: application/json
Content-Length: 112


2024-05-27 00:47:18,092 - store.logging - INFO - Response Body: b'{\n  "response": {\n    "error": "Oops!! Something wrong happened! Please try again"\n  },\n  "status": "success"\n}\n'...
2024-05-27 00:47:23,033 - store.logging - INFO - Accessed URL: http://localhost:8000/process-data
2024-05-27 00:47:23,034 - store.logging - INFO - Request Headers: Content-Type: application/json
User-Agent: PostmanRuntime/7.39.0
Accept: */*
Cache-Control: no-cache
Postman-Token: e737341d-e8fc-4af9-927a-09feb80ba1ef
Host: localhost:8000
Accept-Encoding: gzip, deflate, br
Connection: keep-alive
Content-Length: 107


2024-05-27 00:47:23,034 - store.logging - INFO - Request Body: b'{\n    "prompt": "Give me employee names whose experience in the company is less than 1 year"\n    \n    \n\t\t\n}'
2024-05-27 00:48:12,762 - store.logging - INFO - Accessed URL: http://localhost:8000/process-data
2024-05-27 00:48:12,763 - store.logging - INFO - Request Headers: Content-Type: application/json
User-Agent: PostmanRuntime/7.39.0
Accept: */*
Cache-Control: no-cache
Postman-Token: aea5fda7-6e0b-472f-8585-f69e6caed56f
Host: localhost:8000
Accept-Encoding: gzip, deflate, br
Connection: keep-alive
Content-Length: 93


2024-05-27 00:48:12,763 - store.logging - INFO - Request Body: b'{\n    \n    \n    \n\t\t"prompt": "Add 100 to each person\'s salary who belongs to IT department"\n}'
2024-05-27 00:48:23,061 - store.logging - ERROR - Error in generated code: No module named 'xlsxwriter'
2024-05-27 00:48:23,061 - store.logging - INFO - Response Headers: Content-Type: application/json
Content-Length: 112


2024-05-27 00:48:23,061 - store.logging - INFO - Response Body: b'{\n  "response": {\n    "error": "Oops!! Something wrong happened! Please try again"\n  },\n  "status": "success"\n}\n'...
2024-05-27 00:48:27,223 - store.logging - INFO - Accessed URL: http://localhost:8000/process-data
2024-05-27 00:48:27,224 - store.logging - INFO - Request Headers: Content-Type: application/json
User-Agent: PostmanRuntime/7.39.0
Accept: */*
Cache-Control: no-cache
Postman-Token: ba3af3b5-85a4-4cda-a0c0-5e45d12423f4
Host: localhost:8000
Accept-Encoding: gzip, deflate, br
Connection: keep-alive
Content-Length: 93


2024-05-27 00:48:27,224 - store.logging - INFO - Request Body: b'{\n    \n    \n    \n\t\t"prompt": "Add 100 to each person\'s salary who belongs to IT department"\n}'
2024-05-27 00:49:41,236 - store.logging - INFO - Accessed URL: http://localhost:8000/process-data
2024-05-27 00:49:41,237 - store.logging - INFO - Request Headers: Content-Type: application/json
User-Agent: PostmanRuntime/7.39.0
Accept: */*
Cache-Control: no-cache
Postman-Token: 64b53668-e7f6-480e-bd75-cbb3657b3ec8
Host: localhost:8000
Accept-Encoding: gzip, deflate, br
Connection: keep-alive
Content-Length: 93


2024-05-27 00:49:41,238 - store.logging - INFO - Request Body: b'{\n    \n    \n    \n\t\t"prompt": "Add 100 to each person\'s salary who belongs to IT department"\n}'
2024-05-27 00:49:54,084 - store.logging - INFO - Response Headers: Content-Type: application/json
Content-Length: 1000137


2024-05-27 00:49:54,085 - store.logging - INFO - Response Body: b'{\n  "response": {\n    "Age": {\n      "0": 47,\n      "1": 65,\n      "2": 25,\n      "3": 39,\n      "4": 52,\n      "5": 28,\n      "6": 23,\n      "7": 55,\n      "8": 39,\n      "9": 24,\n      "10": 32,\n   '...
2024-05-27 00:50:16,426 - store.logging - INFO - Accessed URL: http://localhost:8000/process-data
2024-05-27 00:50:16,426 - store.logging - INFO - Request Headers: Content-Type: application/json
User-Agent: PostmanRuntime/7.39.0
Accept: */*
Cache-Control: no-cache
Postman-Token: f4e02ab2-e9d7-4bb7-9738-cc6cb29fce10
Host: localhost:8000
Accept-Encoding: gzip, deflate, br
Connection: keep-alive
Content-Length: 107


2024-05-27 00:50:16,426 - store.logging - INFO - Request Body: b'{\n    "prompt": "Give me employee names whose experience in the company is less than 1 year"\n    \n    \n\t\t\n}'
2024-05-27 00:50:34,080 - store.logging - INFO - Response Headers: Content-Type: application/json
Content-Length: 2322


2024-05-27 00:50:34,080 - store.logging - INFO - Response Body: b'{\n  "response": [\n    "Steven Williams",\n    "Craig Smith",\n    "Carrie Lane",\n    "Jennifer Oneal",\n    "Stephen Green",\n    "Catherine Bean",\n    "Luis Townsend",\n    "Anne Johnson",\n    "Kelly Brow'...
